<?xml version="1.0" encoding="UTF-8"?>
<!-- Generated by org.testng.reporters.JUnitReportReporter -->
<testsuite hostname="DESKTOP-30AVNGR" failures="0" tests="1" name="abc.test" time="0.028" errors="0" timestamp="2024-07-16T00:34:00 IST" skipped="0">
  <testcase classname="abc.test" name="day" time="0.028"/>
  <system-out/>
</testsuite> <!-- abc.test -->
